<?xml version="1.0" encoding="UTF-8"?>
<testsuite name="com.kodilla.stream.array.ArrayOperationsTestSuite" tests="1" skipped="0" failures="0" errors="0" timestamp="2018-08-19T16:37:41" hostname="Grzegorz" time="0.01">
  <properties/>
  <testcase name="testGetAverage" classname="com.kodilla.stream.array.ArrayOperationsTestSuite" time="0.01"/>
  <system-out><![CDATA[4
3
1
2
0
3
9
]]></system-out>
  <system-err><![CDATA[]]></system-err>
</testsuite>
