<?xml version="1.0" encoding="UTF-8"?>
<testsuite name="com.kodilla.testing.shape.ShapeCollectorTestSuite" tests="4" skipped="0" failures="0" errors="0" timestamp="2018-12-04T23:57:19" hostname="Grzegorz" time="0.006">
  <properties/>
  <testcase name="addingFigure" classname="com.kodilla.testing.shape.ShapeCollectorTestSuite" time="0.005"/>
  <testcase name="showingFigures" classname="com.kodilla.testing.shape.ShapeCollectorTestSuite" time="0.001"/>
  <testcase name="removingFigure" classname="com.kodilla.testing.shape.ShapeCollectorTestSuite" time="0.0"/>
  <testcase name="gettingFigure" classname="com.kodilla.testing.shape.ShapeCollectorTestSuite" time="0.0"/>
  <system-out><![CDATA[This is the beginning of tests.
Preparing to execute test #1
Test nr #1 finished
Preparing to execute test #2
Test nr #2 finished
Preparing to execute test #3
Test nr #3 finished
Preparing to execute test #4
Test nr #4 finished
All tests are finished.
]]></system-out>
  <system-err><![CDATA[]]></system-err>
</testsuite>
