<?xml version="1.0" encoding="UTF-8"?>
<testsuite name="com.kodilla.testing.collection.CollectionTestSuite" tests="2" skipped="0" failures="0" errors="0" timestamp="2018-08-19T16:44:58" hostname="Grzegorz" time="0.001">
  <properties/>
  <testcase name="testOddNumbersExterminatorEmptyList" classname="com.kodilla.testing.collection.CollectionTestSuite" time="0.001"/>
  <testcase name="testOddNumbersExterminatorNormalList" classname="com.kodilla.testing.collection.CollectionTestSuite" time="0.0"/>
  <system-out><![CDATA[Starting the Test
Test Case: begin
Checking empty list
Test Case: end
Test Case: begin
Checking normal list
Test Case: end
End of the test
]]></system-out>
  <system-err><![CDATA[]]></system-err>
</testsuite>
