<?xml version="1.0" encoding="UTF-8"?>
<testsuite name="com.kodilla.patterns.builder.bigmac.BigmacTestSuite" tests="1" skipped="0" failures="0" errors="0" timestamp="2018-11-12T16:44:05" hostname="Grzegorz" time="0.007">
  <properties/>
  <testcase name="testBigMacNew" classname="com.kodilla.patterns.builder.bigmac.BigmacTestSuite" time="0.007"/>
  <system-out><![CDATA[Pizza{bun='Sesame', burgers='2', sauce='standard', ingredients=[onion, chili, bacon]}
]]></system-out>
  <system-err><![CDATA[]]></system-err>
</testsuite>
