<?xml version="1.0" encoding="UTF-8"?>
<testsuite name="com.kodilla.patterns.strategy.social.UserTestSuite" tests="2" skipped="0" failures="0" errors="0" timestamp="2018-12-05T00:14:02" hostname="Grzegorz" time="0.005">
  <properties/>
  <testcase name="testDefaultSharingStrategies" classname="com.kodilla.patterns.strategy.social.UserTestSuite" time="0.004"/>
  <testcase name="testIndividualSharingStrategy" classname="com.kodilla.patterns.strategy.social.UserTestSuite" time="0.001"/>
  <system-out><![CDATA[Kids post on Snapchat
Teens post on Facebook
Adults post on Twitter
Kids don't post on Snapchat now.
Kids post on Twitter
]]></system-out>
  <system-err><![CDATA[]]></system-err>
</testsuite>
